{"F:\\namaste reactjs\\src\\Redux\\Store.js": {"path":"F:\\namaste reactjs\\src\\Redux\\Store.js","statementMap":{"0":{"start":{"line":3,"column":17},"end":{"line":7,"column":2}}},"fnMap":{},"branchMap":{},"s":{"0":2},"f":{},"b":{},"_coverageSchema":"1a1c01bbd47fc00a2c39e90264f33305004495a9","hash":"c2b1ac8026b0496398fb295907ff608089e88dff"}
,"F:\\namaste reactjs\\src\\Redux\\cartSlice.js": {"path":"F:\\namaste reactjs\\src\\Redux\\cartSlice.js","statementMap":{"0":{"start":{"line":3,"column":18},"end":{"line":34,"column":2}},"1":{"start":{"line":10,"column":6},"end":{"line":10,"column":39}},"2":{"start":{"line":24,"column":6},"end":{"line":24,"column":44}},"3":{"start":{"line":31,"column":6},"end":{"line":31,"column":27}},"4":{"start":{"line":36,"column":52},"end":{"line":36,"column":69}}},"fnMap":{"0":{"name":"(anonymous_0)","decl":{"start":{"line":9,"column":14},"end":{"line":9,"column":15}},"loc":{"start":{"line":9,"column":33},"end":{"line":22,"column":5}},"line":9},"1":{"name":"(anonymous_1)","decl":{"start":{"line":23,"column":17},"end":{"line":23,"column":18}},"loc":{"start":{"line":23,"column":36},"end":{"line":26,"column":5}},"line":23},"2":{"name":"(anonymous_2)","decl":{"start":{"line":27,"column":15},"end":{"line":27,"column":16}},"loc":{"start":{"line":27,"column":26},"end":{"line":32,"column":5}},"line":27}},"branchMap":{},"s":{"0":2,"1":2,"2":0,"3":1,"4":2},"f":{"0":2,"1":0,"2":1},"b":{},"_coverageSchema":"1a1c01bbd47fc00a2c39e90264f33305004495a9","hash":"0bab2a5be8dabd515d9b59d177cf86602d4d25cc"}
,"F:\\namaste reactjs\\src\\components\\Body.js": {"path":"F:\\namaste reactjs\\src\\components\\Body.js","statementMap":{"0":{"start":{"line":8,"column":13},"end":{"line":122,"column":1}},"1":{"start":{"line":9,"column":51},"end":{"line":9,"column":63}},"2":{"start":{"line":10,"column":54},"end":{"line":10,"column":66}},"3":{"start":{"line":11,"column":38},"end":{"line":11,"column":50}},"4":{"start":{"line":12,"column":36},"end":{"line":12,"column":51}},"5":{"start":{"line":13,"column":34},"end":{"line":13,"column":66}},"6":{"start":{"line":14,"column":20},"end":{"line":26,"column":3}},"7":{"start":{"line":15,"column":17},"end":{"line":17,"column":5}},"8":{"start":{"line":18,"column":17},"end":{"line":18,"column":34}},"9":{"start":{"line":20,"column":4},"end":{"line":22,"column":6}},"10":{"start":{"line":23,"column":4},"end":{"line":25,"column":6}},"11":{"start":{"line":29,"column":2},"end":{"line":31,"column":9}},"12":{"start":{"line":30,"column":4},"end":{"line":30,"column":16}},"13":{"start":{"line":32,"column":23},"end":{"line":32,"column":40}},"14":{"start":{"line":33,"column":2},"end":{"line":39,"column":3}},"15":{"start":{"line":34,"column":4},"end":{"line":38,"column":6}},"16":{"start":{"line":40,"column":40},"end":{"line":40,"column":63}},"17":{"start":{"line":41,"column":2},"end":{"line":121,"column":4}},"18":{"start":{"line":53,"column":14},"end":{"line":53,"column":44}},"19":{"start":{"line":60,"column":31},"end":{"line":64,"column":15}},"20":{"start":{"line":61,"column":16},"end":{"line":63,"column":59}},"21":{"start":{"line":65,"column":14},"end":{"line":65,"column":46}},"22":{"start":{"line":75,"column":32},"end":{"line":75,"column":49}},"23":{"start":{"line":80,"column":34},"end":{"line":82,"column":15}},"24":{"start":{"line":81,"column":25},"end":{"line":81,"column":55}},"25":{"start":{"line":83,"column":14},"end":{"line":83,"column":49}},"26":{"start":{"line":84,"column":14},"end":{"line":84,"column":44}},"27":{"start":{"line":84,"column":37},"end":{"line":84,"column":42}},"28":{"start":{"line":95,"column":29},"end":{"line":95,"column":56}},"29":{"start":{"line":102,"column":10},"end":{"line":116,"column":17}}},"fnMap":{"0":{"name":"(anonymous_0)","decl":{"start":{"line":8,"column":13},"end":{"line":8,"column":14}},"loc":{"start":{"line":8,"column":19},"end":{"line":122,"column":1}},"line":8},"1":{"name":"(anonymous_1)","decl":{"start":{"line":14,"column":20},"end":{"line":14,"column":21}},"loc":{"start":{"line":14,"column":32},"end":{"line":26,"column":3}},"line":14},"2":{"name":"(anonymous_2)","decl":{"start":{"line":29,"column":12},"end":{"line":29,"column":13}},"loc":{"start":{"line":29,"column":18},"end":{"line":31,"column":3}},"line":29},"3":{"name":"(anonymous_3)","decl":{"start":{"line":52,"column":22},"end":{"line":52,"column":23}},"loc":{"start":{"line":52,"column":29},"end":{"line":54,"column":13}},"line":52},"4":{"name":"(anonymous_4)","decl":{"start":{"line":59,"column":21},"end":{"line":59,"column":22}},"loc":{"start":{"line":59,"column":27},"end":{"line":66,"column":13}},"line":59},"5":{"name":"(anonymous_5)","decl":{"start":{"line":60,"column":56},"end":{"line":60,"column":57}},"loc":{"start":{"line":61,"column":16},"end":{"line":63,"column":59}},"line":61},"6":{"name":"(anonymous_6)","decl":{"start":{"line":74,"column":21},"end":{"line":74,"column":22}},"loc":{"start":{"line":74,"column":27},"end":{"line":85,"column":13}},"line":74},"7":{"name":"(anonymous_7)","decl":{"start":{"line":81,"column":16},"end":{"line":81,"column":17}},"loc":{"start":{"line":81,"column":25},"end":{"line":81,"column":55}},"line":81},"8":{"name":"(anonymous_8)","decl":{"start":{"line":84,"column":27},"end":{"line":84,"column":28}},"loc":{"start":{"line":84,"column":37},"end":{"line":84,"column":42}},"line":84},"9":{"name":"(anonymous_9)","decl":{"start":{"line":95,"column":22},"end":{"line":95,"column":23}},"loc":{"start":{"line":95,"column":29},"end":{"line":95,"column":56}},"line":95},"10":{"name":"(anonymous_10)","decl":{"start":{"line":101,"column":32},"end":{"line":101,"column":33}},"loc":{"start":{"line":102,"column":10},"end":{"line":116,"column":17}},"line":102}},"branchMap":{"0":{"loc":{"start":{"line":33,"column":2},"end":{"line":39,"column":3}},"type":"if","locations":[{"start":{"line":33,"column":2},"end":{"line":39,"column":3}},{"start":{},"end":{}}],"line":33},"1":{"loc":{"start":{"line":41,"column":9},"end":{"line":121,"column":3}},"type":"cond-expr","locations":[{"start":{"line":42,"column":4},"end":{"line":42,"column":15}},{"start":{"line":44,"column":4},"end":{"line":120,"column":10}}],"line":41},"2":{"loc":{"start":{"line":75,"column":32},"end":{"line":75,"column":49}},"type":"cond-expr","locations":[{"start":{"line":75,"column":44},"end":{"line":75,"column":45}},{"start":{"line":75,"column":48},"end":{"line":75,"column":49}}],"line":75},"3":{"loc":{"start":{"line":109,"column":13},"end":{"line":113,"column":13}},"type":"cond-expr","locations":[{"start":{"line":110,"column":14},"end":{"line":110,"column":62}},{"start":{"line":112,"column":14},"end":{"line":112,"column":53}}],"line":109}},"s":{"0":1,"1":7,"2":7,"3":7,"4":7,"5":7,"6":7,"7":2,"8":2,"9":2,"10":2,"11":7,"12":2,"13":7,"14":7,"15":0,"16":7,"17":7,"18":1,"19":1,"20":8,"21":1,"22":1,"23":1,"24":8,"25":1,"26":1,"27":1,"28":0,"29":31},"f":{"0":7,"1":2,"2":2,"3":1,"4":1,"5":8,"6":1,"7":8,"8":1,"9":0,"10":31},"b":{"0":[0,7],"1":[2,5],"2":[0,1],"3":[0,31]},"_coverageSchema":"1a1c01bbd47fc00a2c39e90264f33305004495a9","hash":"a008133ba4ea12bfe9a50924e057518dfb27067c"}
,"F:\\namaste reactjs\\src\\components\\Header.js": {"path":"F:\\namaste reactjs\\src\\components\\Header.js","statementMap":{"0":{"start":{"line":7,"column":15},"end":{"line":57,"column":1}},"1":{"start":{"line":8,"column":42},"end":{"line":8,"column":59}},"2":{"start":{"line":9,"column":23},"end":{"line":9,"column":40}},"3":{"start":{"line":10,"column":27},"end":{"line":10,"column":50}},"4":{"start":{"line":11,"column":15},"end":{"line":11,"column":55}},"5":{"start":{"line":11,"column":38},"end":{"line":11,"column":54}},"6":{"start":{"line":13,"column":2},"end":{"line":56,"column":4}},"7":{"start":{"line":46,"column":14},"end":{"line":48,"column":43}}},"fnMap":{"0":{"name":"(anonymous_0)","decl":{"start":{"line":7,"column":15},"end":{"line":7,"column":16}},"loc":{"start":{"line":7,"column":21},"end":{"line":57,"column":1}},"line":7},"1":{"name":"(anonymous_1)","decl":{"start":{"line":11,"column":27},"end":{"line":11,"column":28}},"loc":{"start":{"line":11,"column":38},"end":{"line":11,"column":54}},"line":11},"2":{"name":"(anonymous_2)","decl":{"start":{"line":45,"column":21},"end":{"line":45,"column":22}},"loc":{"start":{"line":45,"column":27},"end":{"line":49,"column":13}},"line":45}},"branchMap":{"0":{"loc":{"start":{"line":26,"column":47},"end":{"line":26,"column":72}},"type":"cond-expr","locations":[{"start":{"line":26,"column":62},"end":{"line":26,"column":65}},{"start":{"line":26,"column":68},"end":{"line":26,"column":72}}],"line":26},"1":{"loc":{"start":{"line":46,"column":14},"end":{"line":48,"column":42}},"type":"cond-expr","locations":[{"start":{"line":47,"column":18},"end":{"line":47,"column":43}},{"start":{"line":48,"column":18},"end":{"line":48,"column":42}}],"line":46}},"s":{"0":2,"1":9,"2":9,"3":9,"4":9,"5":17,"6":9,"7":1},"f":{"0":9,"1":17,"2":1},"b":{"0":[9,0],"1":[1,0]},"_coverageSchema":"1a1c01bbd47fc00a2c39e90264f33305004495a9","hash":"c63aea8082450d84ef81c8c8a92cec13d676e713"}
,"F:\\namaste reactjs\\src\\components\\ItemList.js": {"path":"F:\\namaste reactjs\\src\\components\\ItemList.js","statementMap":{"0":{"start":{"line":6,"column":17},"end":{"line":46,"column":1}},"1":{"start":{"line":7,"column":17},"end":{"line":7,"column":30}},"2":{"start":{"line":8,"column":19},"end":{"line":10,"column":3}},"3":{"start":{"line":9,"column":14},"end":{"line":9,"column":38}},"4":{"start":{"line":11,"column":2},"end":{"line":45,"column":4}},"5":{"start":{"line":14,"column":8},"end":{"line":42,"column":14}},"6":{"start":{"line":35,"column":31},"end":{"line":35,"column":47}}},"fnMap":{"0":{"name":"(anonymous_0)","decl":{"start":{"line":6,"column":17},"end":{"line":6,"column":18}},"loc":{"start":{"line":6,"column":39},"end":{"line":46,"column":1}},"line":6},"1":{"name":"(anonymous_1)","decl":{"start":{"line":8,"column":19},"end":{"line":8,"column":20}},"loc":{"start":{"line":8,"column":32},"end":{"line":10,"column":3}},"line":8},"2":{"name":"(anonymous_2)","decl":{"start":{"line":13,"column":17},"end":{"line":13,"column":18}},"loc":{"start":{"line":14,"column":8},"end":{"line":42,"column":14}},"line":14},"3":{"name":"(anonymous_3)","decl":{"start":{"line":35,"column":25},"end":{"line":35,"column":26}},"loc":{"start":{"line":35,"column":31},"end":{"line":35,"column":47}},"line":35}},"branchMap":{"0":{"loc":{"start":{"line":23,"column":17},"end":{"line":25,"column":53}},"type":"cond-expr","locations":[{"start":{"line":24,"column":20},"end":{"line":24,"column":46}},{"start":{"line":25,"column":20},"end":{"line":25,"column":53}}],"line":23}},"s":{"0":1,"1":5,"2":5,"3":2,"4":5,"5":5,"6":2},"f":{"0":5,"1":2,"2":5,"3":2},"b":{"0":[5,0]},"_coverageSchema":"1a1c01bbd47fc00a2c39e90264f33305004495a9","hash":"e7cbe034b150bbd0b58f57ee1d6e09af3b8a6a12"}
,"F:\\namaste reactjs\\src\\components\\ReasturentCaategory.js": {"path":"F:\\namaste reactjs\\src\\components\\ReasturentCaategory.js","statementMap":{"0":{"start":{"line":3,"column":27},"end":{"line":34,"column":1}},"1":{"start":{"line":5,"column":22},"end":{"line":10,"column":3}},"2":{"start":{"line":8,"column":4},"end":{"line":8,"column":19}},"3":{"start":{"line":11,"column":2},"end":{"line":33,"column":4}}},"fnMap":{"0":{"name":"(anonymous_0)","decl":{"start":{"line":3,"column":27},"end":{"line":3,"column":28}},"loc":{"start":{"line":3,"column":73},"end":{"line":34,"column":1}},"line":3},"1":{"name":"(anonymous_1)","decl":{"start":{"line":5,"column":22},"end":{"line":5,"column":23}},"loc":{"start":{"line":5,"column":28},"end":{"line":10,"column":3}},"line":5}},"branchMap":{"0":{"loc":{"start":{"line":24,"column":9},"end":{"line":30,"column":9}},"type":"binary-expr","locations":[{"start":{"line":24,"column":9},"end":{"line":24,"column":18}},{"start":{"line":25,"column":10},"end":{"line":29,"column":12}}],"line":24}},"s":{"0":1,"1":24,"2":1,"3":24},"f":{"0":24,"1":1},"b":{"0":[24,1]},"_coverageSchema":"1a1c01bbd47fc00a2c39e90264f33305004495a9","hash":"0bd30787f4e2120ab09134b4c8a6c9c8f88b4cde"}
,"F:\\namaste reactjs\\src\\components\\ReasturentCard.js": {"path":"F:\\namaste reactjs\\src\\components\\ReasturentCard.js","statementMap":{"0":{"start":{"line":4,"column":23},"end":{"line":24,"column":1}},"1":{"start":{"line":6,"column":4},"end":{"line":6,"column":22}},"2":{"start":{"line":9,"column":2},"end":{"line":23,"column":4}},"3":{"start":{"line":30,"column":32},"end":{"line":42,"column":1}},"4":{"start":{"line":32,"column":2},"end":{"line":41,"column":4}},"5":{"start":{"line":33,"column":4},"end":{"line":40,"column":6}}},"fnMap":{"0":{"name":"(anonymous_0)","decl":{"start":{"line":4,"column":23},"end":{"line":4,"column":24}},"loc":{"start":{"line":4,"column":34},"end":{"line":24,"column":1}},"line":4},"1":{"name":"(anonymous_1)","decl":{"start":{"line":30,"column":32},"end":{"line":30,"column":33}},"loc":{"start":{"line":30,"column":52},"end":{"line":42,"column":1}},"line":30},"2":{"name":"(anonymous_2)","decl":{"start":{"line":32,"column":9},"end":{"line":32,"column":10}},"loc":{"start":{"line":32,"column":20},"end":{"line":41,"column":3}},"line":32}},"branchMap":{},"s":{"0":2,"1":32,"2":32,"3":2,"4":7,"5":0},"f":{"0":32,"1":7,"2":0},"b":{},"_coverageSchema":"1a1c01bbd47fc00a2c39e90264f33305004495a9","hash":"bab25a81d8f87307cdedd2e2536f4425b57b3b82"}
,"F:\\namaste reactjs\\src\\components\\Shimmer.js": {"path":"F:\\namaste reactjs\\src\\components\\Shimmer.js","statementMap":{"0":{"start":{"line":1,"column":16},"end":{"line":24,"column":1}},"1":{"start":{"line":2,"column":2},"end":{"line":23,"column":4}}},"fnMap":{"0":{"name":"(anonymous_0)","decl":{"start":{"line":1,"column":16},"end":{"line":1,"column":17}},"loc":{"start":{"line":1,"column":22},"end":{"line":24,"column":1}},"line":1}},"branchMap":{},"s":{"0":2,"1":3},"f":{"0":3},"b":{},"_coverageSchema":"1a1c01bbd47fc00a2c39e90264f33305004495a9","hash":"1b24309c6c498ef304b46069f9e69feb54980a53"}
,"F:\\namaste reactjs\\src\\components\\Sum.js": {"path":"F:\\namaste reactjs\\src\\components\\Sum.js","statementMap":{"0":{"start":{"line":3,"column":19},"end":{"line":5,"column":1}},"1":{"start":{"line":4,"column":2},"end":{"line":4,"column":15}}},"fnMap":{"0":{"name":"(anonymous_0)","decl":{"start":{"line":3,"column":19},"end":{"line":3,"column":20}},"loc":{"start":{"line":3,"column":29},"end":{"line":5,"column":1}},"line":3}},"branchMap":{},"s":{"0":1,"1":1},"f":{"0":1},"b":{},"_coverageSchema":"1a1c01bbd47fc00a2c39e90264f33305004495a9","hash":"881685e2dfecfb8e8722b7634f37c5a4d220cf2d"}
,"F:\\namaste reactjs\\src\\components\\Pages\\Cart.js": {"path":"F:\\namaste reactjs\\src\\components\\Pages\\Cart.js","statementMap":{"0":{"start":{"line":5,"column":13},"end":{"line":32,"column":1}},"1":{"start":{"line":6,"column":19},"end":{"line":6,"column":32}},"2":{"start":{"line":7,"column":20},"end":{"line":7,"column":60}},"3":{"start":{"line":7,"column":43},"end":{"line":7,"column":59}},"4":{"start":{"line":8,"column":26},"end":{"line":10,"column":3}},"5":{"start":{"line":9,"column":4},"end":{"line":9,"column":26}},"6":{"start":{"line":11,"column":2},"end":{"line":31,"column":4}}},"fnMap":{"0":{"name":"(anonymous_0)","decl":{"start":{"line":5,"column":13},"end":{"line":5,"column":14}},"loc":{"start":{"line":5,"column":19},"end":{"line":32,"column":1}},"line":5},"1":{"name":"(anonymous_1)","decl":{"start":{"line":7,"column":32},"end":{"line":7,"column":33}},"loc":{"start":{"line":7,"column":43},"end":{"line":7,"column":59}},"line":7},"2":{"name":"(anonymous_2)","decl":{"start":{"line":8,"column":26},"end":{"line":8,"column":27}},"loc":{"start":{"line":8,"column":32},"end":{"line":10,"column":3}},"line":8}},"branchMap":{"0":{"loc":{"start":{"line":25,"column":9},"end":{"line":27,"column":9}},"type":"binary-expr","locations":[{"start":{"line":25,"column":9},"end":{"line":25,"column":32}},{"start":{"line":26,"column":10},"end":{"line":26,"column":57}}],"line":25}},"s":{"0":1,"1":4,"2":4,"3":8,"4":4,"5":1,"6":4},"f":{"0":4,"1":8,"2":1},"b":{"0":[4,2]},"_coverageSchema":"1a1c01bbd47fc00a2c39e90264f33305004495a9","hash":"611b80c9070bf3283825741c73d7bfb21c905164"}
,"F:\\namaste reactjs\\src\\components\\Pages\\Contact.js": {"path":"F:\\namaste reactjs\\src\\components\\Pages\\Contact.js","statementMap":{"0":{"start":{"line":1,"column":16},"end":{"line":22,"column":1}},"1":{"start":{"line":2,"column":2},"end":{"line":21,"column":4}}},"fnMap":{"0":{"name":"(anonymous_0)","decl":{"start":{"line":1,"column":16},"end":{"line":1,"column":17}},"loc":{"start":{"line":1,"column":22},"end":{"line":22,"column":1}},"line":1}},"branchMap":{},"s":{"0":1,"1":4},"f":{"0":4},"b":{},"_coverageSchema":"1a1c01bbd47fc00a2c39e90264f33305004495a9","hash":"4959722003fa6d07a886ee3b65a39a3aef1844f4"}
,"F:\\namaste reactjs\\src\\components\\Pages\\ReasturentMenu.js": {"path":"F:\\namaste reactjs\\src\\components\\Pages\\ReasturentMenu.js","statementMap":{"0":{"start":{"line":7,"column":23},"end":{"line":49,"column":1}},"1":{"start":{"line":8,"column":20},"end":{"line":8,"column":31}},"2":{"start":{"line":9,"column":38},"end":{"line":9,"column":52}},"3":{"start":{"line":10,"column":16},"end":{"line":10,"column":28}},"4":{"start":{"line":15,"column":18},"end":{"line":15,"column":42}},"5":{"start":{"line":16,"column":2},"end":{"line":16,"column":35}},"6":{"start":{"line":16,"column":16},"end":{"line":16,"column":35}},"7":{"start":{"line":17,"column":17},"end":{"line":17,"column":62}},"8":{"start":{"line":19,"column":4},"end":{"line":19,"column":39}},"9":{"start":{"line":20,"column":25},"end":{"line":20,"column":62}},"10":{"start":{"line":24,"column":4},"end":{"line":28,"column":5}},"11":{"start":{"line":26,"column":8},"end":{"line":27,"column":70}},"12":{"start":{"line":32,"column":2},"end":{"line":48,"column":4}},"13":{"start":{"line":39,"column":8},"end":{"line":45,"column":10}},"14":{"start":{"line":43,"column":28},"end":{"line":43,"column":75}},"15":{"start":{"line":43,"column":50},"end":{"line":43,"column":73}}},"fnMap":{"0":{"name":"(anonymous_0)","decl":{"start":{"line":7,"column":23},"end":{"line":7,"column":24}},"loc":{"start":{"line":7,"column":29},"end":{"line":49,"column":1}},"line":7},"1":{"name":"(anonymous_1)","decl":{"start":{"line":25,"column":6},"end":{"line":25,"column":7}},"loc":{"start":{"line":26,"column":8},"end":{"line":27,"column":70}},"line":26},"2":{"name":"(anonymous_2)","decl":{"start":{"line":38,"column":21},"end":{"line":38,"column":22}},"loc":{"start":{"line":39,"column":8},"end":{"line":45,"column":10}},"line":39},"3":{"name":"(anonymous_3)","decl":{"start":{"line":43,"column":24},"end":{"line":43,"column":25}},"loc":{"start":{"line":43,"column":28},"end":{"line":43,"column":75}},"line":43},"4":{"name":"(anonymous_4)","decl":{"start":{"line":43,"column":41},"end":{"line":43,"column":42}},"loc":{"start":{"line":43,"column":50},"end":{"line":43,"column":73}},"line":43}},"branchMap":{"0":{"loc":{"start":{"line":16,"column":2},"end":{"line":16,"column":35}},"type":"if","locations":[{"start":{"line":16,"column":2},"end":{"line":16,"column":35}},{"start":{},"end":{}}],"line":16},"1":{"loc":{"start":{"line":42,"column":21},"end":{"line":42,"column":53}},"type":"cond-expr","locations":[{"start":{"line":42,"column":42},"end":{"line":42,"column":46}},{"start":{"line":42,"column":48},"end":{"line":42,"column":53}}],"line":42},"2":{"loc":{"start":{"line":43,"column":50},"end":{"line":43,"column":73}},"type":"cond-expr","locations":[{"start":{"line":43,"column":63},"end":{"line":43,"column":67}},{"start":{"line":43,"column":68},"end":{"line":43,"column":73}}],"line":43}},"s":{"0":1,"1":3,"2":3,"3":3,"4":3,"5":3,"6":1,"7":2,"8":2,"9":2,"10":2,"11":42,"12":2,"13":24,"14":1,"15":1},"f":{"0":3,"1":42,"2":24,"3":1,"4":1},"b":{"0":[1,2],"1":[1,23],"2":[0,1]},"_coverageSchema":"1a1c01bbd47fc00a2c39e90264f33305004495a9","hash":"8ef576f96e96bf7a86b7582e70958c9d31dbbe95"}
,"F:\\namaste reactjs\\src\\utils\\UserContext.js": {"path":"F:\\namaste reactjs\\src\\utils\\UserContext.js","statementMap":{"0":{"start":{"line":3,"column":18},"end":{"line":5,"column":2}}},"fnMap":{},"branchMap":{},"s":{"0":3},"f":{},"b":{},"_coverageSchema":"1a1c01bbd47fc00a2c39e90264f33305004495a9","hash":"7330771e67416d05b32ab0f74221dc4926b943ec"}
,"F:\\namaste reactjs\\src\\utils\\constants.js": {"path":"F:\\namaste reactjs\\src\\utils\\constants.js","statementMap":{"0":{"start":{"line":1,"column":21},"end":{"line":1,"column":104}},"1":{"start":{"line":4,"column":2},"end":{"line":4,"column":132}},"2":{"start":{"line":7,"column":4},"end":{"line":7,"column":99}}},"fnMap":{},"branchMap":{},"s":{"0":3,"1":3,"2":3},"f":{},"b":{},"_coverageSchema":"1a1c01bbd47fc00a2c39e90264f33305004495a9","hash":"62d378f0df83a068a69a6e5f50b98c102226a0d9"}
,"F:\\namaste reactjs\\src\\utils\\useOnlineStatus.js": {"path":"F:\\namaste reactjs\\src\\utils\\useOnlineStatus.js","statementMap":{"0":{"start":{"line":3,"column":24},"end":{"line":12,"column":1}},"1":{"start":{"line":4,"column":42},"end":{"line":4,"column":56}},"2":{"start":{"line":5,"column":2},"end":{"line":10,"column":9}},"3":{"start":{"line":6,"column":4},"end":{"line":8,"column":7}},"4":{"start":{"line":7,"column":6},"end":{"line":7,"column":29}},"5":{"start":{"line":9,"column":4},"end":{"line":9,"column":69}},"6":{"start":{"line":9,"column":44},"end":{"line":9,"column":67}},"7":{"start":{"line":11,"column":2},"end":{"line":11,"column":22}}},"fnMap":{"0":{"name":"(anonymous_0)","decl":{"start":{"line":3,"column":24},"end":{"line":3,"column":25}},"loc":{"start":{"line":3,"column":30},"end":{"line":12,"column":1}},"line":3},"1":{"name":"(anonymous_1)","decl":{"start":{"line":5,"column":12},"end":{"line":5,"column":13}},"loc":{"start":{"line":5,"column":18},"end":{"line":10,"column":3}},"line":5},"2":{"name":"(anonymous_2)","decl":{"start":{"line":6,"column":39},"end":{"line":6,"column":40}},"loc":{"start":{"line":6,"column":45},"end":{"line":8,"column":5}},"line":6},"3":{"name":"(anonymous_3)","decl":{"start":{"line":9,"column":38},"end":{"line":9,"column":39}},"loc":{"start":{"line":9,"column":44},"end":{"line":9,"column":67}},"line":9}},"branchMap":{},"s":{"0":3,"1":16,"2":16,"3":7,"4":0,"5":7,"6":0,"7":16},"f":{"0":16,"1":7,"2":0,"3":0},"b":{},"_coverageSchema":"1a1c01bbd47fc00a2c39e90264f33305004495a9","hash":"56ddf1dd6e10fceaf1f53c5c8084b3a6436487e7"}
,"F:\\namaste reactjs\\src\\utils\\useReasturentMenu.js": {"path":"F:\\namaste reactjs\\src\\utils\\useReasturentMenu.js","statementMap":{"0":{"start":{"line":4,"column":26},"end":{"line":16,"column":1}},"1":{"start":{"line":5,"column":32},"end":{"line":5,"column":46}},"2":{"start":{"line":6,"column":2},"end":{"line":8,"column":8}},"3":{"start":{"line":7,"column":4},"end":{"line":7,"column":16}},"4":{"start":{"line":9,"column":20},"end":{"line":14,"column":3}},"5":{"start":{"line":10,"column":17},"end":{"line":10,"column":46}},"6":{"start":{"line":11,"column":17},"end":{"line":11,"column":34}},"7":{"start":{"line":13,"column":4},"end":{"line":13,"column":27}},"8":{"start":{"line":15,"column":2},"end":{"line":15,"column":17}}},"fnMap":{"0":{"name":"(anonymous_0)","decl":{"start":{"line":4,"column":26},"end":{"line":4,"column":27}},"loc":{"start":{"line":4,"column":37},"end":{"line":16,"column":1}},"line":4},"1":{"name":"(anonymous_1)","decl":{"start":{"line":6,"column":12},"end":{"line":6,"column":13}},"loc":{"start":{"line":6,"column":18},"end":{"line":8,"column":3}},"line":6},"2":{"name":"(anonymous_2)","decl":{"start":{"line":9,"column":20},"end":{"line":9,"column":21}},"loc":{"start":{"line":9,"column":32},"end":{"line":14,"column":3}},"line":9}},"branchMap":{},"s":{"0":1,"1":3,"2":3,"3":1,"4":3,"5":1,"6":1,"7":1,"8":3},"f":{"0":3,"1":1,"2":1},"b":{},"_coverageSchema":"1a1c01bbd47fc00a2c39e90264f33305004495a9","hash":"7d2910b01dcdbdb9edb2c536c9ec4e84d433d960"}
}
