TN:
SF:src\Redux\Store.js
FNF:0
FNH:0
DA:3,2
LF:1
LH:1
BRF:0
BRH:0
end_of_record
TN:
SF:src\Redux\cartSlice.js
FN:9,(anonymous_0)
FN:23,(anonymous_1)
FN:27,(anonymous_2)
FNF:3
FNH:2
FNDA:2,(anonymous_0)
FNDA:0,(anonymous_1)
FNDA:1,(anonymous_2)
DA:3,2
DA:10,2
DA:24,0
DA:31,1
DA:36,2
LF:5
LH:4
BRF:0
BRH:0
end_of_record
TN:
SF:src\components\Body.js
FN:8,(anonymous_0)
FN:14,(anonymous_1)
FN:29,(anonymous_2)
FN:52,(anonymous_3)
FN:59,(anonymous_4)
FN:60,(anonymous_5)
FN:74,(anonymous_6)
FN:81,(anonymous_7)
FN:84,(anonymous_8)
FN:95,(anonymous_9)
FN:101,(anonymous_10)
FNF:11
FNH:10
FNDA:7,(anonymous_0)
FNDA:2,(anonymous_1)
FNDA:2,(anonymous_2)
FNDA:1,(anonymous_3)
FNDA:1,(anonymous_4)
FNDA:8,(anonymous_5)
FNDA:1,(anonymous_6)
FNDA:8,(anonymous_7)
FNDA:1,(anonymous_8)
FNDA:0,(anonymous_9)
FNDA:31,(anonymous_10)
DA:8,1
DA:9,7
DA:10,7
DA:11,7
DA:12,7
DA:13,7
DA:14,7
DA:15,2
DA:18,2
DA:20,2
DA:23,2
DA:29,7
DA:30,2
DA:32,7
DA:33,7
DA:34,0
DA:40,7
DA:41,7
DA:53,1
DA:60,1
DA:61,8
DA:65,1
DA:75,1
DA:80,1
DA:81,8
DA:83,1
DA:84,1
DA:95,0
DA:102,31
LF:29
LH:27
BRDA:33,0,0,0
BRDA:33,0,1,7
BRDA:41,1,0,2
BRDA:41,1,1,5
BRDA:75,2,0,0
BRDA:75,2,1,1
BRDA:109,3,0,0
BRDA:109,3,1,31
BRF:8
BRH:5
end_of_record
TN:
SF:src\components\Header.js
FN:7,(anonymous_0)
FN:11,(anonymous_1)
FN:45,(anonymous_2)
FNF:3
FNH:3
FNDA:9,(anonymous_0)
FNDA:17,(anonymous_1)
FNDA:1,(anonymous_2)
DA:7,2
DA:8,9
DA:9,9
DA:10,9
DA:11,17
DA:13,9
DA:46,1
LF:7
LH:7
BRDA:26,0,0,9
BRDA:26,0,1,0
BRDA:46,1,0,1
BRDA:46,1,1,0
BRF:4
BRH:2
end_of_record
TN:
SF:src\components\ItemList.js
FN:6,(anonymous_0)
FN:8,(anonymous_1)
FN:13,(anonymous_2)
FN:35,(anonymous_3)
FNF:4
FNH:4
FNDA:5,(anonymous_0)
FNDA:2,(anonymous_1)
FNDA:5,(anonymous_2)
FNDA:2,(anonymous_3)
DA:6,1
DA:7,5
DA:8,5
DA:9,2
DA:11,5
DA:14,5
DA:35,2
LF:7
LH:7
BRDA:23,0,0,5
BRDA:23,0,1,0
BRF:2
BRH:1
end_of_record
TN:
SF:src\components\ReasturentCaategory.js
FN:3,(anonymous_0)
FN:5,(anonymous_1)
FNF:2
FNH:2
FNDA:24,(anonymous_0)
FNDA:1,(anonymous_1)
DA:3,1
DA:5,24
DA:8,1
DA:11,24
LF:4
LH:4
BRDA:24,0,0,24
BRDA:24,0,1,1
BRF:2
BRH:2
end_of_record
TN:
SF:src\components\ReasturentCard.js
FN:4,(anonymous_0)
FN:30,(anonymous_1)
FN:32,(anonymous_2)
FNF:3
FNH:2
FNDA:32,(anonymous_0)
FNDA:7,(anonymous_1)
FNDA:0,(anonymous_2)
DA:4,2
DA:6,32
DA:9,32
DA:30,2
DA:32,7
DA:33,0
LF:6
LH:5
BRF:0
BRH:0
end_of_record
TN:
SF:src\components\Shimmer.js
FN:1,(anonymous_0)
FNF:1
FNH:1
FNDA:3,(anonymous_0)
DA:1,2
DA:2,3
LF:2
LH:2
BRF:0
BRH:0
end_of_record
TN:
SF:src\components\Sum.js
FN:3,(anonymous_0)
FNF:1
FNH:1
FNDA:1,(anonymous_0)
DA:3,1
DA:4,1
LF:2
LH:2
BRF:0
BRH:0
end_of_record
TN:
SF:src\components\Pages\Cart.js
FN:5,(anonymous_0)
FN:7,(anonymous_1)
FN:8,(anonymous_2)
FNF:3
FNH:3
FNDA:4,(anonymous_0)
FNDA:8,(anonymous_1)
FNDA:1,(anonymous_2)
DA:5,1
DA:6,4
DA:7,8
DA:8,4
DA:9,1
DA:11,4
LF:6
LH:6
BRDA:25,0,0,4
BRDA:25,0,1,2
BRF:2
BRH:2
end_of_record
TN:
SF:src\components\Pages\Contact.js
FN:1,(anonymous_0)
FNF:1
FNH:1
FNDA:4,(anonymous_0)
DA:1,1
DA:2,4
LF:2
LH:2
BRF:0
BRH:0
end_of_record
TN:
SF:src\components\Pages\ReasturentMenu.js
FN:7,(anonymous_0)
FN:25,(anonymous_1)
FN:38,(anonymous_2)
FN:43,(anonymous_3)
FN:43,(anonymous_4)
FNF:5
FNH:5
FNDA:3,(anonymous_0)
FNDA:42,(anonymous_1)
FNDA:24,(anonymous_2)
FNDA:1,(anonymous_3)
FNDA:1,(anonymous_4)
DA:7,1
DA:8,3
DA:9,3
DA:10,3
DA:15,3
DA:16,3
DA:17,2
DA:19,2
DA:20,2
DA:24,2
DA:26,42
DA:32,2
DA:39,24
DA:43,1
LF:14
LH:14
BRDA:16,0,0,1
BRDA:16,0,1,2
BRDA:42,1,0,1
BRDA:42,1,1,23
BRDA:43,2,0,0
BRDA:43,2,1,1
BRF:6
BRH:5
end_of_record
TN:
SF:src\utils\UserContext.js
FNF:0
FNH:0
DA:3,3
LF:1
LH:1
BRF:0
BRH:0
end_of_record
TN:
SF:src\utils\constants.js
FNF:0
FNH:0
DA:1,3
DA:4,3
DA:7,3
LF:3
LH:3
BRF:0
BRH:0
end_of_record
TN:
SF:src\utils\useOnlineStatus.js
FN:3,(anonymous_0)
FN:5,(anonymous_1)
FN:6,(anonymous_2)
FN:9,(anonymous_3)
FNF:4
FNH:2
FNDA:16,(anonymous_0)
FNDA:7,(anonymous_1)
FNDA:0,(anonymous_2)
FNDA:0,(anonymous_3)
DA:3,3
DA:4,16
DA:5,16
DA:6,7
DA:7,0
DA:9,7
DA:11,16
LF:7
LH:6
BRF:0
BRH:0
end_of_record
TN:
SF:src\utils\useReasturentMenu.js
FN:4,(anonymous_0)
FN:6,(anonymous_1)
FN:9,(anonymous_2)
FNF:3
FNH:3
FNDA:3,(anonymous_0)
FNDA:1,(anonymous_1)
FNDA:1,(anonymous_2)
DA:4,1
DA:5,3
DA:6,3
DA:7,1
DA:9,3
DA:10,1
DA:11,1
DA:13,1
DA:15,3
LF:9
LH:9
BRF:0
BRH:0
end_of_record
